<?xml version="1.0" encoding="UTF-8"?>
<testsuite xmlns:xsi="http://www.w3.org/2001/XMLSchema-instance" xsi:noNamespaceSchemaLocation="https://maven.apache.org/surefire/maven-surefire-plugin/xsd/surefire-test-report-3.0.xsd" version="3.0" name="test.xdef.TestXComponents" time="1.006" tests="0" errors="0" skipped="0" failures="0">
  <properties>
    <property name="sun.desktop" value="windows"/>
    <property name="awt.toolkit" value="sun.awt.windows.WToolkit"/>
    <property name="java.specification.version" value="11"/>
    <property name="sun.cpu.isalist" value="amd64"/>
    <property name="sun.jnu.encoding" value="Cp1250"/>
    <property name="java.class.path" value="D:\cvs\DEV\java\xdef\xdef-test\target\test-classes;D:\cvs\DEV\java\xdef\xdef-test\target\classes;D:\cvs\DEV\java\xdef\xdef\target\classes;C:\Users\Trojan.SYNTEA\.m2\repository\net\sf\saxon\Saxon-HE\9.7.0-18\Saxon-HE-9.7.0-18-xqj.jar;D:\cvs\DEV\java\xdef\xdef-buildtools\target\classes;C:\Users\Trojan.SYNTEA\.m2\repository\net\sf\saxon\Saxon-HE\9.7.0-18\Saxon-HE-9.7.0-18.jar;C:\Users\Trojan.SYNTEA\.m2\repository\org\apache\derby\derby\10.12.1.1\derby-10.12.1.1.jar;C:\Users\Trojan.SYNTEA\.m2\repository\org\slf4j\slf4j-api\1.7.25\slf4j-api-1.7.25.jar;C:\Users\Trojan.SYNTEA\.m2\repository\ch\qos\logback\logback-classic\1.2.3\logback-classic-1.2.3.jar;C:\Users\Trojan.SYNTEA\.m2\repository\ch\qos\logback\logback-core\1.2.3\logback-core-1.2.3.jar;C:\Users\Trojan.SYNTEA\.m2\repository\com\github\sbabcoc\logback-testng\1.0.0\logback-testng-1.0.0.jar;C:\Users\Trojan.SYNTEA\.m2\repository\org\testng\testng\6.8.21\testng-6.8.21.jar;C:\Users\Trojan.SYNTEA\.m2\repository\org\beanshell\bsh\2.0b4\bsh-2.0b4.jar;C:\Users\Trojan.SYNTEA\.m2\repository\com\beust\jcommander\1.27\jcommander-1.27.jar;C:\Users\Trojan.SYNTEA\.m2\repository\junit\junit\4.12\junit-4.12.jar;C:\Users\Trojan.SYNTEA\.m2\repository\org\hamcrest\hamcrest-core\1.3\hamcrest-core-1.3.jar;"/>
    <property name="java.vm.vendor" value="Oracle Corporation"/>
    <property name="sun.arch.data.model" value="64"/>
    <property name="user.variant" value=""/>
    <property name="java.vendor.url" value="http://java.oracle.com/"/>
    <property name="user.timezone" value="Europe/Prague"/>
    <property name="java.vm.specification.version" value="11"/>
    <property name="os.name" value="Windows 10"/>
    <property name="user.country" value="US"/>
    <property name="sun.java.launcher" value="SUN_STANDARD"/>
    <property name="sun.boot.library.path" value="D:\bin\java\jdk-11.0.2\bin"/>
    <property name="sun.java.command" value="C:\Users\Trojan.SYNTEA\AppData\Local\Temp\surefire10896319914772023295\surefirebooter14206085578255770217.jar C:\Users\Trojan.SYNTEA\AppData\Local\Temp\surefire10896319914772023295 2020-03-10T01-30-01_483-jvmRun1 surefire865904950245311223tmp surefire_018069056772547961696tmp"/>
    <property name="jdk.debug" value="release"/>
    <property name="test" value="test.xdef.TestXComponents"/>
    <property name="surefire.test.class.path" value="D:\cvs\DEV\java\xdef\xdef-test\target\test-classes;D:\cvs\DEV\java\xdef\xdef-test\target\classes;D:\cvs\DEV\java\xdef\xdef\target\classes;C:\Users\Trojan.SYNTEA\.m2\repository\net\sf\saxon\Saxon-HE\9.7.0-18\Saxon-HE-9.7.0-18-xqj.jar;D:\cvs\DEV\java\xdef\xdef-buildtools\target\classes;C:\Users\Trojan.SYNTEA\.m2\repository\net\sf\saxon\Saxon-HE\9.7.0-18\Saxon-HE-9.7.0-18.jar;C:\Users\Trojan.SYNTEA\.m2\repository\org\apache\derby\derby\10.12.1.1\derby-10.12.1.1.jar;C:\Users\Trojan.SYNTEA\.m2\repository\org\slf4j\slf4j-api\1.7.25\slf4j-api-1.7.25.jar;C:\Users\Trojan.SYNTEA\.m2\repository\ch\qos\logback\logback-classic\1.2.3\logback-classic-1.2.3.jar;C:\Users\Trojan.SYNTEA\.m2\repository\ch\qos\logback\logback-core\1.2.3\logback-core-1.2.3.jar;C:\Users\Trojan.SYNTEA\.m2\repository\com\github\sbabcoc\logback-testng\1.0.0\logback-testng-1.0.0.jar;C:\Users\Trojan.SYNTEA\.m2\repository\org\testng\testng\6.8.21\testng-6.8.21.jar;C:\Users\Trojan.SYNTEA\.m2\repository\org\beanshell\bsh\2.0b4\bsh-2.0b4.jar;C:\Users\Trojan.SYNTEA\.m2\repository\com\beust\jcommander\1.27\jcommander-1.27.jar;C:\Users\Trojan.SYNTEA\.m2\repository\junit\junit\4.12\junit-4.12.jar;C:\Users\Trojan.SYNTEA\.m2\repository\org\hamcrest\hamcrest-core\1.3\hamcrest-core-1.3.jar;"/>
    <property name="sun.cpu.endian" value="little"/>
    <property name="user.home" value="C:\Users\Trojan.SYNTEA"/>
    <property name="user.language" value="en"/>
    <property name="java.specification.vendor" value="Oracle Corporation"/>
    <property name="java.version.date" value="2019-01-15"/>
    <property name="java.home" value="D:\bin\java\jdk-11.0.2"/>
    <property name="file.separator" value="\"/>
    <property name="basedir" value="D:\cvs\DEV\java\xdef\xdef-test"/>
    <property name="java.vm.compressedOopsMode" value="32-bit"/>
    <property name="line.separator" value="&#10;"/>
    <property name="java.specification.name" value="Java Platform API Specification"/>
    <property name="java.vm.specification.vendor" value="Oracle Corporation"/>
    <property name="java.awt.graphicsenv" value="sun.awt.Win32GraphicsEnvironment"/>
    <property name="surefire.real.class.path" value="C:\Users\Trojan.SYNTEA\AppData\Local\Temp\surefire10896319914772023295\surefirebooter14206085578255770217.jar"/>
    <property name="user.script" value=""/>
    <property name="sun.management.compiler" value="HotSpot 64-Bit Tiered Compilers"/>
    <property name="java.runtime.version" value="11.0.2+9-LTS"/>
    <property name="user.name" value="Trojan"/>
    <property name="path.separator" value=";"/>
    <property name="os.version" value="10.0"/>
    <property name="java.runtime.name" value="Java(TM) SE Runtime Environment"/>
    <property name="file.encoding" value="UTF-8"/>
    <property name="java.vm.name" value="Java HotSpot(TM) 64-Bit Server VM"/>
    <property name="java.vendor.version" value="18.9"/>
    <property name="maven.ext.class.path" value="D:\bin\java\NetBeans-11.1\netbeans\java\maven-nblib\netbeans-eventspy.jar;D:\bin\java\NetBeans-11.1\netbeans\java\maven-nblib\netbeans-cos.jar"/>
    <property name="localRepository" value="C:\Users\Trojan.SYNTEA\.m2\repository"/>
    <property name="java.vendor.url.bug" value="http://bugreport.java.com/bugreport/"/>
    <property name="java.io.tmpdir" value="C:\Users\TROJAN~1.SYN\AppData\Local\Temp\"/>
    <property name="java.version" value="11.0.2"/>
    <property name="user.dir" value="D:\cvs\DEV\java\xdef\xdef-test"/>
    <property name="os.arch" value="amd64"/>
    <property name="java.vm.specification.name" value="Java Virtual Machine Specification"/>
    <property name="java.awt.printerjob" value="sun.awt.windows.WPrinterJob"/>
    <property name="sun.os.patch.level" value=""/>
    <property name="java.library.path" value="D:\bin\java\jdk-11.0.2\bin;C:\WINDOWS\Sun\Java\bin;C:\WINDOWS\system32;C:\WINDOWS;C:\WINDOWS\system32;C:\WINDOWS;C:\WINDOWS\System32\Wbem;C:\WINDOWS\System32\WindowsPowerShell\v1.0\;C:\WINDOWS\System32\OpenSSH\;D:\bin\utils;D:\bin\java\jdk1.8\bin;C:\Program Files\7-Zip;C:\Program Files (x86)\Common Files\Roxio Shared\DLLShared\;C:\Program Files (x86)\Common Files\Roxio Shared\VHStoDVD\DLLShared\;C:\Program Files\Ballerina\ballerina-1.0.0\\bin;C:\Users\Trojan.SYNTEA\AppData\Local\Microsoft\WindowsApps;%USERPROFILE%\AppData\Local\Microsoft\WindowsApps;;."/>
    <property name="java.vendor" value="Oracle Corporation"/>
    <property name="java.vm.info" value="mixed mode"/>
    <property name="java.vm.version" value="11.0.2+9-LTS"/>
    <property name="sun.io.unicode.encoding" value="UnicodeLittle"/>
    <property name="java.class.version" value="55.0"/>
  </properties>
</testsuite>